{
  "stats": {
    "suites": 1,
    "tests": 1,
    "passes": 1,
    "pending": 0,
    "failures": 0,
    "start": "2026-06-25T02:25:41.250Z",
    "end": "2026-06-25T02:25:43.415Z",
    "duration": 2165,
    "testsRegistered": 1,
    "passPercent": 100,
    "pendingPercent": 0,
    "other": 0,
    "hasOther": false,
    "skipped": 0,
    "hasSkipped": false
  },
  "results": [
    {
      "uuid": "a0c92c7c-ab72-4644-983b-45e5439e5559",
      "title": "",
      "fullFile": "C:\\Main Storage\\Digital Skola\\Sesi 10\\test_sesi10.js",
      "file": "\\test_sesi10.js",
      "beforeHooks": [],
      "afterHooks": [],
      "tests": [],
      "suites": [
        {
          "uuid": "7447f8bc-60a3-4496-8481-7e7314747067",
          "title": "SauceDemo Automation Test",
          "fullFile": "C:\\Main Storage\\Digital Skola\\Sesi 10\\test_sesi10.js",
          "file": "\\test_sesi10.js",
          "beforeHooks": [
            {
              "title": "\"before all\" hook in \"SauceDemo Automation Test\"",
              "fullTitle": "SauceDemo Automation Test \"before all\" hook in \"SauceDemo Automation Test\"",
              "timedOut": false,
              "duration": 871,
              "state": null,
              "speed": null,
              "pass": false,
              "fail": false,
              "pending": false,
              "context": null,
              "code": "const options = new chrome.Options();\noptions.addArguments(\"--incognito\");\ndriver = await new Builder()\n  .forBrowser(\"chrome\")\n  .setChromeOptions(options)\n  .build();",
              "err": {},
              "uuid": "1547f426-0d65-403d-ad45-633379db2420",
              "parentUUID": "7447f8bc-60a3-4496-8481-7e7314747067",
              "isHook": true,
              "skipped": false
            }
          ],
          "afterHooks": [
            {
              "title": "\"after all\" hook in \"SauceDemo Automation Test\"",
              "fullTitle": "SauceDemo Automation Test \"after all\" hook in \"SauceDemo Automation Test\"",
              "timedOut": false,
              "duration": 72,
              "state": null,
              "speed": null,
              "pass": false,
              "fail": false,
              "pending": false,
              "context": null,
              "code": "await driver.quit();",
              "err": {},
              "uuid": "a57401cf-24f7-4af6-a1eb-7699bfaa3a5c",
              "parentUUID": "7447f8bc-60a3-4496-8481-7e7314747067",
              "isHook": true,
              "skipped": false
            }
          ],
          "tests": [
            {
              "title": "SauceDemo Login dan Sorting",
              "fullTitle": "SauceDemo Automation Test SauceDemo Login dan Sorting",
              "timedOut": false,
              "duration": 1213,
              "state": "passed",
              "speed": "slow",
              "pass": true,
              "fail": false,
              "pending": false,
              "context": null,
              "code": "await driver.get(\"https://www.saucedemo.com\");\nconst title = await driver.getTitle();\nassert.strictEqual(title, \"Swag Labs\");\n// Login\nconst inputUsername = await driver.findElement(\n  By.css('[data-test=\"username\"]'),\n);\nconst inputPassword = await driver.findElement(\n  By.xpath('//*[@data-test=\"password\"]'),\n);\nconst buttonLogin = await driver.findElement(\n  By.className(\"submit-button btn_action\"),\n);\nawait inputUsername.sendKeys(\"standard_user\");\nawait inputPassword.sendKeys(\"secret_sauce\");\nawait buttonLogin.click();\n// Verifikasi login berhasil\nconst buttonCart = await driver.wait(\n  until.elementLocated(By.css('[data-test=\"shopping-cart-link\"]')),\n  10000,\n);\nawait driver.wait(until.elementIsVisible(buttonCart), 5000);\nassert.strictEqual(await buttonCart.isDisplayed(), true);\nconst textAppLogo = await driver.findElement(By.className(\"app_logo\"));\nconst logoText = await textAppLogo.getText();\nassert.strictEqual(logoText, \"Swag Labs\");\n// Sorting Z-A\nconst dropdownSort = await driver.findElement(\n  By.css('[data-test=\"product-sort-container\"]'),\n);\nawait dropdownSort.click();\nconst option = await driver.findElement(\n  By.xpath('//option[text()=\"Name (Z to A)\"]'),\n);\nawait option.click();",
              "err": {},
              "uuid": "6c1c7271-dfed-4a88-8afa-474bd1f4da61",
              "parentUUID": "7447f8bc-60a3-4496-8481-7e7314747067",
              "isHook": false,
              "skipped": false
            }
          ],
          "suites": [],
          "passes": [
            "6c1c7271-dfed-4a88-8afa-474bd1f4da61"
          ],
          "failures": [],
          "pending": [],
          "skipped": [],
          "duration": 1213,
          "root": false,
          "rootEmpty": false,
          "_timeout": 60000
        }
      ],
      "passes": [],
      "failures": [],
      "pending": [],
      "skipped": [],
      "duration": 0,
      "root": true,
      "rootEmpty": true,
      "_timeout": 60000
    }
  ],
  "meta": {
    "mocha": {
      "version": "10.8.2"
    },
    "mochawesome": {
      "options": {
        "quiet": false,
        "reportFilename": "mochawesome",
        "saveHtml": true,
        "saveJson": true,
        "consoleReporter": "spec",
        "useInlineDiffs": false,
        "code": true
      },
      "version": "7.1.4"
    },
    "marge": {
      "options": null,
      "version": "6.3.2"
    }
  }
}