{
  "stats": {
    "suites": 1,
    "tests": 1,
    "passes": 1,
    "pending": 0,
    "failures": 0,
    "start": "2026-06-23T20:01:22.941Z",
    "end": "2026-06-23T20:01:26.123Z",
    "duration": 3182,
    "testsRegistered": 1,
    "passPercent": 100,
    "pendingPercent": 0,
    "other": 0,
    "hasOther": false,
    "skipped": 0,
    "hasSkipped": false
  },
  "results": [
    {
      "uuid": "76295d01-d6d1-4a47-bbc9-826f77d0113f",
      "title": "",
      "fullFile": "C:\\Main Storage\\Digital Skola\\Sesi 9\\test_sesi9.js",
      "file": "\\test_sesi9.js",
      "beforeHooks": [],
      "afterHooks": [],
      "tests": [],
      "suites": [
        {
          "uuid": "f7e14d8a-e99d-47fb-b3f9-87dbb664cae8",
          "title": "Google Search Test",
          "fullFile": "C:\\Main Storage\\Digital Skola\\Sesi 9\\test_sesi9.js",
          "file": "\\test_sesi9.js",
          "beforeHooks": [],
          "afterHooks": [],
          "tests": [
            {
              "title": "SauceDemo Login dan Sorting",
              "fullTitle": "Google Search Test SauceDemo Login dan Sorting",
              "timedOut": false,
              "duration": 3179,
              "state": "passed",
              "speed": "slow",
              "pass": true,
              "fail": false,
              "pending": false,
              "context": null,
              "code": "options = new chrome.Options();\noptions.addArguments(\"--incognito\"); // option ke chrome supaya gaada popup password nya\ndriver = await new Builder()\n  .forBrowser(\"chrome\")\n  .setChromeOptions(options)\n  .build();\n// driver = await new Builder().forBrowser('chrome').build();\nawait driver.get(\"https://www.saucedemo.com\");\nconst title = await driver.getTitle();\n// assert: memastikan object sama persis\nassert.strictEqual(title, \"Swag Labs\");\n// inputs\nlet inputUsername = await driver.findElement(\n  By.css('[data-test=\"username\"]'),\n);\nlet inputPassword = await driver.findElement(\n  By.xpath('//*[@data-test=\"password\"]'),\n);\nlet buttonLogin = await driver.findElement(\n  By.className(\"submit-button btn_action\"),\n);\nawait inputUsername.sendKeys(\"standard_user\");\nawait inputPassword.sendKeys(\"secret_sauce\");\nawait buttonLogin.click();\n// tunggu element tampil\nlet buttonCart = await driver.wait(\n  until.elementLocated(By.xpath('//*[@data-test=\"shopping-cart-link\"]')),\n  10000,\n);\nawait driver.wait(\n  until.elementIsVisible(buttonCart),\n  5000,\n  \"Shopping cart harus tampil\",\n);\n// assert: elememt ada\nawait buttonCart.isDisplayed();\n// assert: text dalam element benar\nlet textAppLogo = await driver.findElement(By.className(\"app_logo\"));\nlet logotext = await textAppLogo.getText();\nassert.strictEqual(logotext, \"Swag Labs\");\nawait driver.sleep(1700);\n// dropdown search\nlet dropdownSort = await driver.findElement(\n  By.xpath('//select[@data-test=\"product-sort-container\"]'),\n);\nawait dropdownSort.click();\nlet option = await driver.findElement(\n  By.xpath('//option[text()=\"Name (Z to A)\"]'),\n);\nawait option.click();\nawait driver.quit();",
              "err": {},
              "uuid": "a68a33ef-366b-444d-ae4f-229b68706d06",
              "parentUUID": "f7e14d8a-e99d-47fb-b3f9-87dbb664cae8",
              "isHook": false,
              "skipped": false
            }
          ],
          "suites": [],
          "passes": [
            "a68a33ef-366b-444d-ae4f-229b68706d06"
          ],
          "failures": [],
          "pending": [],
          "skipped": [],
          "duration": 3179,
          "root": false,
          "rootEmpty": false,
          "_timeout": 60000
        }
      ],
      "passes": [],
      "failures": [],
      "pending": [],
      "skipped": [],
      "duration": 0,
      "root": true,
      "rootEmpty": true,
      "_timeout": 60000
    }
  ],
  "meta": {
    "mocha": {
      "version": "10.8.2"
    },
    "mochawesome": {
      "options": {
        "quiet": false,
        "reportFilename": "mochawesome",
        "saveHtml": true,
        "saveJson": true,
        "consoleReporter": "spec",
        "useInlineDiffs": false,
        "code": true
      },
      "version": "7.1.4"
    },
    "marge": {
      "options": null,
      "version": "6.3.2"
    }
  }
}